# JRE version: OpenJDK Runtime Environment Microsoft-10377968 (21.0.5+11) (build 21.0.5+11-LTS)
# Java VM: OpenJDK 64-Bit Server VM Microsoft-10377968 (21.0.5+11-LTS, mixed mode, sharing, tiered, compressed oops, compressed class ptrs, g1 gc, windows-amd64)
GC Precious Log:
 CardTable entry size: 512
 Card Set container configuration: InlinePtr #cards 4 size 8 Array Of Cards #cards 16 size 48 Howl #buckets 8 coarsen threshold 3686 Howl Bitmap #cards 512 size 80 coarsen threshold 460 Card regions per heap region 1 cards per card region 4096
 CPUs: 8 total, 8 available
 Memory: 16122M
 Large Page Support: Disabled
 NUMA Support: Disabled
 Compressed Oops: Enabled (Zero based)
 Heap Region Size: 2M
 Heap Min Capacity: 8M
 Heap Initial Capacity: 252M
 Heap Max Capacity: 4032M
 Pre-touch: Disabled
 Parallel Workers: 8
 Concurrent Workers: 2
 Concurrent Refinement Workers: 8
 Periodic GC: Disabled
Heap:
 garbage-first heap   total 899072K, used 849582K [0x0000000704000000, 0x0000000800000000)
  region size 2048K, 249 young (509952K), 18 survivors (36864K)
 Metaspace       used 78013K, committed 79424K, reserved 1179648K
  class space    used 7809K, committed 8448K, reserved 1048576K
GC Heap History (20 events):
Event: 100.142 GC heap before
{Heap before GC invocations=63 (full 0):
 garbage-first heap   total 755712K, used 674070K [0x0000000704000000, 0x0000000800000000)
  region size 2048K, 138 young (282624K), 9 survivors (18432K)
 Metaspace       used 73155K, committed 74560K, reserved 1179648K
  class space    used 7499K, committed 8128K, reserved 1048576K
}
Event: 100.168 GC heap after
{Heap after GC invocations=64 (full 0):
 garbage-first heap   total 755712K, used 419783K [0x0000000704000000, 0x0000000800000000)
  region size 2048K, 13 young (26624K), 13 survivors (26624K)
 Metaspace       used 73155K, committed 74560K, reserved 1179648K
  class space    used 7499K, committed 8128K, reserved 1048576K
}
Event: 104.187 GC heap before
{Heap before GC invocations=64 (full 0):
 garbage-first heap   total 755712K, used 683975K [0x0000000704000000, 0x0000000800000000)
  region size 2048K, 143 young (292864K), 13 survivors (26624K)
 Metaspace       used 75055K, committed 76544K, reserved 1179648K
  class space    used 7647K, committed 8320K, reserved 1048576K
}
Event: 104.221 GC heap after
{Heap after GC invocations=65 (full 0):
 garbage-first heap   total 755712K, used 414549K [0x0000000704000000, 0x0000000800000000)
  region size 2048K, 8 young (16384K), 8 survivors (16384K)
 Metaspace       used 75055K, committed 76544K, reserved 1179648K
  class space    used 7647K, committed 8320K, reserved 1048576K
}
Event: 107.419 GC heap before
{Heap before GC invocations=65 (full 0):
 garbage-first heap   total 755712K, used 695125K [0x0000000704000000, 0x0000000800000000)
  region size 2048K, 146 young (299008K), 8 survivors (16384K)
 Metaspace       used 75064K, committed 76544K, reserved 1179648K
  class space    used 7647K, committed 8320K, reserved 1048576K
}
Event: 107.443 GC heap after
{Heap after GC invocations=66 (full 0):
 garbage-first heap   total 755712K, used 419644K [0x0000000704000000, 0x0000000800000000)
  region size 2048K, 11 young (22528K), 11 survivors (22528K)
 Metaspace       used 75064K, committed 76544K, reserved 1179648K
  class space    used 7647K, committed 8320K, reserved 1048576K
}
Event: 109.859 GC heap before
{Heap before GC invocations=67 (full 0):
 garbage-first heap   total 755712K, used 642876K [0x0000000704000000, 0x0000000800000000)
  region size 2048K, 144 young (294912K), 11 survivors (22528K)
 Metaspace       used 75097K, committed 76544K, reserved 1179648K
  class space    used 7647K, committed 8320K, reserved 1048576K
}
Event: 109.881 GC heap after
{Heap after GC invocations=68 (full 0):
 garbage-first heap   total 755712K, used 362763K [0x0000000704000000, 0x0000000800000000)
  region size 2048K, 7 young (14336K), 7 survivors (14336K)
 Metaspace       used 75097K, committed 76544K, reserved 1179648K
  class space    used 7647K, committed 8320K, reserved 1048576K
}
Event: 113.276 GC heap before
{Heap before GC invocations=68 (full 0):
 garbage-first heap   total 755712K, used 698635K [0x0000000704000000, 0x0000000800000000)
  region size 2048K, 172 young (352256K), 7 survivors (14336K)
 Metaspace       used 75151K, committed 76608K, reserved 1179648K
  class space    used 7648K, committed 8320K, reserved 1048576K
}
Event: 113.310 GC heap after
{Heap after GC invocations=69 (full 0):
 garbage-first heap   total 755712K, used 305255K [0x0000000704000000, 0x0000000800000000)
  region size 2048K, 13 young (26624K), 13 survivors (26624K)
 Metaspace       used 75151K, committed 76608K, reserved 1179648K
  class space    used 7648K, committed 8320K, reserved 1048576K
}
Event: 115.016 GC heap before
{Heap before GC invocations=69 (full 0):
 garbage-first heap   total 755712K, used 688231K [0x0000000704000000, 0x0000000800000000)
  region size 2048K, 200 young (409600K), 13 survivors (26624K)
 Metaspace       used 75181K, committed 76608K, reserved 1179648K
  class space    used 7652K, committed 8320K, reserved 1048576K
}
Event: 115.072 GC heap after
{Heap after GC invocations=70 (full 0):
 garbage-first heap   total 761856K, used 274060K [0x0000000704000000, 0x0000000800000000)
  region size 2048K, 20 young (40960K), 20 survivors (40960K)
 Metaspace       used 75181K, committed 76608K, reserved 1179648K
  class space    used 7652K, committed 8320K, reserved 1048576K
}
Event: 116.964 GC heap before
{Heap before GC invocations=70 (full 0):
 garbage-first heap   total 761856K, used 675468K [0x0000000704000000, 0x0000000800000000)
  region size 2048K, 217 young (444416K), 20 survivors (40960K)
 Metaspace       used 75236K, committed 76672K, reserved 1179648K
  class space    used 7656K, committed 8320K, reserved 1048576K
}
Event: 117.010 GC heap after
{Heap after GC invocations=71 (full 0):
 garbage-first heap   total 899072K, used 296146K [0x0000000704000000, 0x0000000800000000)
  region size 2048K, 21 young (43008K), 21 survivors (43008K)
 Metaspace       used 75236K, committed 76672K, reserved 1179648K
  class space    used 7656K, committed 8320K, reserved 1048576K
}
Event: 124.211 GC heap before
{Heap before GC invocations=71 (full 0):
 garbage-first heap   total 899072K, used 789714K [0x0000000704000000, 0x0000000800000000)
  region size 2048K, 263 young (538624K), 21 survivors (43008K)
 Metaspace       used 76059K, committed 77504K, reserved 1179648K
  class space    used 7679K, committed 8320K, reserved 1048576K
}
Event: 124.248 GC heap after
{Heap after GC invocations=72 (full 0):
 garbage-first heap   total 899072K, used 292534K [0x0000000704000000, 0x0000000800000000)
  region size 2048K, 10 young (20480K), 10 survivors (20480K)
 Metaspace       used 76059K, committed 77504K, reserved 1179648K
  class space    used 7679K, committed 8320K, reserved 1048576K
}
Event: 141.469 GC heap before
{Heap before GC invocations=72 (full 0):
 garbage-first heap   total 899072K, used 808630K [0x0000000704000000, 0x0000000800000000)
  region size 2048K, 263 young (538624K), 10 survivors (20480K)
 Metaspace       used 76280K, committed 77696K, reserved 1179648K
  class space    used 7682K, committed 8320K, reserved 1048576K
}
Event: 141.499 GC heap after
{Heap after GC invocations=73 (full 0):
 garbage-first heap   total 899072K, used 310799K [0x0000000704000000, 0x0000000800000000)
  region size 2048K, 19 young (38912K), 19 survivors (38912K)
 Metaspace       used 76280K, committed 77696K, reserved 1179648K
  class space    used 7682K, committed 8320K, reserved 1048576K
}
Event: 178.874 GC heap before
{Heap before GC invocations=73 (full 0):
 garbage-first heap   total 899072K, used 501263K [0x0000000704000000, 0x0000000800000000)
  region size 2048K, 109 young (223232K), 19 survivors (38912K)
 Metaspace       used 77696K, committed 79104K, reserved 1179648K
  class space    used 7813K, committed 8448K, reserved 1048576K
}
Event: 178.899 GC heap after
{Heap after GC invocations=74 (full 0):
 garbage-first heap   total 899072K, used 327342K [0x0000000704000000, 0x0000000800000000)
  region size 2048K, 18 young (36864K), 18 survivors (36864K)
 Metaspace       used 77696K, committed 79104K, reserved 1179648K
  class space    used 7813K, committed 8448K, reserved 1048576K
}

