# JRE version: OpenJDK Runtime Environment Temurin-21.0.7+6 (21.0.7+6) (build 21.0.7+6-LTS)
# Java VM: OpenJDK 64-Bit Server VM Temurin-21.0.7+6 (21.0.7+6-LTS, mixed mode, sharing, tiered, compressed oops, compressed class ptrs, parallel gc, windows-amd64)
GC Precious Log:
 CardTable entry size: 512
 CPUs: 8 total, 8 available
 Memory: 16122M
 Large Page Support: Disabled
 NUMA Support: Disabled
 Compressed Oops: Enabled (32-bit)
 Alignments: Space 512K, Generation 512K, Heap 2M
 Heap Min Capacity: 100M
 Heap Initial Capacity: 100M
 Heap Max Capacity: 2G
 Pre-touch: Disabled
 Parallel Workers: 8
Heap:
 PSYoungGen      total 14848K, used 14752K [0x00000000d5580000, 0x00000000d6600000, 0x0000000100000000)
  eden space 13824K, 100% used [0x00000000d5580000,0x00000000d6300000,0x00000000d6300000)
  from space 1024K, 90% used [0x00000000d6300000,0x00000000d63e8020,0x00000000d6400000)
  to   space 1536K, 2% used [0x00000000d6480000,0x00000000d6488000,0x00000000d6600000)
 ParOldGen       total 882176K, used 881883K [0x0000000080000000, 0x00000000b5d80000, 0x00000000d5580000)
  object space 882176K, 99% used [0x0000000080000000,0x00000000b5d3cfb0,0x00000000b5d80000)
 Metaspace       used 76395K, committed 78080K, reserved 1179648K
  class space    used 7899K, committed 8640K, reserved 1048576K
GC Heap History (20 events):
Event: 153.938 GC heap before
{Heap before GC invocations=1326 (full 3):
 PSYoungGen      total 14336K, used 14240K [0x00000000d5580000, 0x00000000d6780000, 0x0000000100000000)
  eden space 13824K, 100% used [0x00000000d5580000,0x00000000d6300000,0x00000000d6300000)
  from space 512K, 81% used [0x00000000d6700000,0x00000000d6768000,0x00000000d6780000)
  to   space 512K, 0% used [0x00000000d6680000,0x00000000d6680000,0x00000000d6700000)
 ParOldGen       total 874496K, used 874375K [0x0000000080000000, 0x00000000b5600000, 0x00000000d5580000)
  object space 874496K, 99% used [0x0000000080000000,0x00000000b55e1d48,0x00000000b5600000)
 Metaspace       used 75753K, committed 77440K, reserved 1179648K
  class space    used 7845K, committed 8576K, reserved 1048576K
}
Event: 153.943 GC heap after
{Heap after GC invocations=1326 (full 3):
 PSYoungGen      total 14336K, used 448K [0x00000000d5580000, 0x00000000d6780000, 0x0000000100000000)
  eden space 13824K, 0% used [0x00000000d5580000,0x00000000d5580000,0x00000000d6300000)
  from space 512K, 87% used [0x00000000d6680000,0x00000000d66f0000,0x00000000d6700000)
  to   space 512K, 0% used [0x00000000d6700000,0x00000000d6700000,0x00000000d6780000)
 ParOldGen       total 875008K, used 874655K [0x0000000080000000, 0x00000000b5680000, 0x00000000d5580000)
  object space 875008K, 99% used [0x0000000080000000,0x00000000b5627d48,0x00000000b5680000)
 Metaspace       used 75753K, committed 77440K, reserved 1179648K
  class space    used 7845K, committed 8576K, reserved 1048576K
}
Event: 153.969 GC heap before
{Heap before GC invocations=1327 (full 3):
 PSYoungGen      total 14336K, used 14272K [0x00000000d5580000, 0x00000000d6780000, 0x0000000100000000)
  eden space 13824K, 100% used [0x00000000d5580000,0x00000000d6300000,0x00000000d6300000)
  from space 512K, 87% used [0x00000000d6680000,0x00000000d66f0000,0x00000000d6700000)
  to   space 512K, 0% used [0x00000000d6700000,0x00000000d6700000,0x00000000d6780000)
 ParOldGen       total 875008K, used 874655K [0x0000000080000000, 0x00000000b5680000, 0x00000000d5580000)
  object space 875008K, 99% used [0x0000000080000000,0x00000000b5627d48,0x00000000b5680000)
 Metaspace       used 75757K, committed 77440K, reserved 1179648K
  class space    used 7845K, committed 8576K, reserved 1048576K
}
Event: 153.972 GC heap after
{Heap after GC invocations=1327 (full 3):
 PSYoungGen      total 14336K, used 512K [0x00000000d5580000, 0x00000000d6780000, 0x0000000100000000)
  eden space 13824K, 0% used [0x00000000d5580000,0x00000000d5580000,0x00000000d6300000)
  from space 512K, 100% used [0x00000000d6700000,0x00000000d6780000,0x00000000d6780000)
  to   space 1024K, 0% used [0x00000000d6580000,0x00000000d6580000,0x00000000d6680000)
 ParOldGen       total 875008K, used 874975K [0x0000000080000000, 0x00000000b5680000, 0x00000000d5580000)
  object space 875008K, 99% used [0x0000000080000000,0x00000000b5677d48,0x00000000b5680000)
 Metaspace       used 75757K, committed 77440K, reserved 1179648K
  class space    used 7845K, committed 8576K, reserved 1048576K
}
Event: 153.987 GC heap before
{Heap before GC invocations=1328 (full 3):
 PSYoungGen      total 14336K, used 14336K [0x00000000d5580000, 0x00000000d6780000, 0x0000000100000000)
  eden space 13824K, 100% used [0x00000000d5580000,0x00000000d6300000,0x00000000d6300000)
  from space 512K, 100% used [0x00000000d6700000,0x00000000d6780000,0x00000000d6780000)
  to   space 1024K, 0% used [0x00000000d6580000,0x00000000d6580000,0x00000000d6680000)
 ParOldGen       total 875008K, used 874975K [0x0000000080000000, 0x00000000b5680000, 0x00000000d5580000)
  object space 875008K, 99% used [0x0000000080000000,0x00000000b5677d48,0x00000000b5680000)
 Metaspace       used 75759K, committed 77440K, reserved 1179648K
  class space    used 7845K, committed 8576K, reserved 1048576K
}
Event: 153.992 GC heap after
{Heap after GC invocations=1328 (full 3):
 PSYoungGen      total 14848K, used 288K [0x00000000d5580000, 0x00000000d6780000, 0x0000000100000000)
  eden space 13824K, 0% used [0x00000000d5580000,0x00000000d5580000,0x00000000d6300000)
  from space 1024K, 28% used [0x00000000d6580000,0x00000000d65c8000,0x00000000d6680000)
  to   space 512K, 0% used [0x00000000d6700000,0x00000000d6700000,0x00000000d6780000)
 ParOldGen       total 875520K, used 875399K [0x0000000080000000, 0x00000000b5700000, 0x00000000d5580000)
  object space 875520K, 99% used [0x0000000080000000,0x00000000b56e1d48,0x00000000b5700000)
 Metaspace       used 75759K, committed 77440K, reserved 1179648K
  class space    used 7845K, committed 8576K, reserved 1048576K
}
Event: 154.016 GC heap before
{Heap before GC invocations=1329 (full 3):
 PSYoungGen      total 14848K, used 14112K [0x00000000d5580000, 0x00000000d6780000, 0x0000000100000000)
  eden space 13824K, 100% used [0x00000000d5580000,0x00000000d6300000,0x00000000d6300000)
  from space 1024K, 28% used [0x00000000d6580000,0x00000000d65c8000,0x00000000d6680000)
  to   space 512K, 0% used [0x00000000d6700000,0x00000000d6700000,0x00000000d6780000)
 ParOldGen       total 875520K, used 875399K [0x0000000080000000, 0x00000000b5700000, 0x00000000d5580000)
  object space 875520K, 99% used [0x0000000080000000,0x00000000b56e1d48,0x00000000b5700000)
 Metaspace       used 75771K, committed 77440K, reserved 1179648K
  class space    used 7845K, committed 8576K, reserved 1048576K
}
Event: 154.020 GC heap after
{Heap after GC invocations=1329 (full 3):
 PSYoungGen      total 14336K, used 384K [0x00000000d5580000, 0x00000000d6780000, 0x0000000100000000)
  eden space 13824K, 0% used [0x00000000d5580000,0x00000000d5580000,0x00000000d6300000)
  from space 512K, 75% used [0x00000000d6700000,0x00000000d6760000,0x00000000d6780000)
  to   space 512K, 0% used [0x00000000d6680000,0x00000000d6680000,0x00000000d6700000)
 ParOldGen       total 875520K, used 875487K [0x0000000080000000, 0x00000000b5700000, 0x00000000d5580000)
  object space 875520K, 99% used [0x0000000080000000,0x00000000b56f7d48,0x00000000b5700000)
 Metaspace       used 75771K, committed 77440K, reserved 1179648K
  class space    used 7845K, committed 8576K, reserved 1048576K
}
Event: 154.055 GC heap before
{Heap before GC invocations=1330 (full 3):
 PSYoungGen      total 14336K, used 14208K [0x00000000d5580000, 0x00000000d6780000, 0x0000000100000000)
  eden space 13824K, 100% used [0x00000000d5580000,0x00000000d6300000,0x00000000d6300000)
  from space 512K, 75% used [0x00000000d6700000,0x00000000d6760000,0x00000000d6780000)
  to   space 512K, 0% used [0x00000000d6680000,0x00000000d6680000,0x00000000d6700000)
 ParOldGen       total 875520K, used 875487K [0x0000000080000000, 0x00000000b5700000, 0x00000000d5580000)
  object space 875520K, 99% used [0x0000000080000000,0x00000000b56f7d48,0x00000000b5700000)
 Metaspace       used 75771K, committed 77440K, reserved 1179648K
  class space    used 7845K, committed 8576K, reserved 1048576K
}
Event: 154.058 GC heap after
{Heap after GC invocations=1330 (full 3):
 PSYoungGen      total 14336K, used 448K [0x00000000d5580000, 0x00000000d6780000, 0x0000000100000000)
  eden space 13824K, 0% used [0x00000000d5580000,0x00000000d5580000,0x00000000d6300000)
  from space 512K, 87% used [0x00000000d6680000,0x00000000d66f0000,0x00000000d6700000)
  to   space 512K, 0% used [0x00000000d6700000,0x00000000d6700000,0x00000000d6780000)
 ParOldGen       total 876032K, used 875783K [0x0000000080000000, 0x00000000b5780000, 0x00000000d5580000)
  object space 876032K, 99% used [0x0000000080000000,0x00000000b5741d48,0x00000000b5780000)
 Metaspace       used 75771K, committed 77440K, reserved 1179648K
  class space    used 7845K, committed 8576K, reserved 1048576K
}
Event: 154.100 GC heap before
{Heap before GC invocations=1331 (full 3):
 PSYoungGen      total 14336K, used 14272K [0x00000000d5580000, 0x00000000d6780000, 0x0000000100000000)
  eden space 13824K, 100% used [0x00000000d5580000,0x00000000d6300000,0x00000000d6300000)
  from space 512K, 87% used [0x00000000d6680000,0x00000000d66f0000,0x00000000d6700000)
  to   space 512K, 0% used [0x00000000d6700000,0x00000000d6700000,0x00000000d6780000)
 ParOldGen       total 876032K, used 875783K [0x0000000080000000, 0x00000000b5780000, 0x00000000d5580000)
  object space 876032K, 99% used [0x0000000080000000,0x00000000b5741d48,0x00000000b5780000)
 Metaspace       used 75771K, committed 77440K, reserved 1179648K
  class space    used 7845K, committed 8576K, reserved 1048576K
}
Event: 154.105 GC heap after
{Heap after GC invocations=1331 (full 3):
 PSYoungGen      total 14336K, used 448K [0x00000000d5580000, 0x00000000d6780000, 0x0000000100000000)
  eden space 13824K, 0% used [0x00000000d5580000,0x00000000d5580000,0x00000000d6300000)
  from space 512K, 87% used [0x00000000d6700000,0x00000000d6770000,0x00000000d6780000)
  to   space 512K, 0% used [0x00000000d6680000,0x00000000d6680000,0x00000000d6700000)
 ParOldGen       total 876544K, used 876103K [0x0000000080000000, 0x00000000b5800000, 0x00000000d5580000)
  object space 876544K, 99% used [0x0000000080000000,0x00000000b5791d48,0x00000000b5800000)
 Metaspace       used 75771K, committed 77440K, reserved 1179648K
  class space    used 7845K, committed 8576K, reserved 1048576K
}
Event: 154.117 GC heap before
{Heap before GC invocations=1332 (full 3):
 PSYoungGen      total 14336K, used 14271K [0x00000000d5580000, 0x00000000d6780000, 0x0000000100000000)
  eden space 13824K, 99% used [0x00000000d5580000,0x00000000d62ffff8,0x00000000d6300000)
  from space 512K, 87% used [0x00000000d6700000,0x00000000d6770000,0x00000000d6780000)
  to   space 512K, 0% used [0x00000000d6680000,0x00000000d6680000,0x00000000d6700000)
 ParOldGen       total 876544K, used 876103K [0x0000000080000000, 0x00000000b5800000, 0x00000000d5580000)
  object space 876544K, 99% used [0x0000000080000000,0x00000000b5791d48,0x00000000b5800000)
 Metaspace       used 75771K, committed 77440K, reserved 1179648K
  class space    used 7845K, committed 8576K, reserved 1048576K
}
Event: 154.123 GC heap after
{Heap after GC invocations=1332 (full 3):
 PSYoungGen      total 14336K, used 352K [0x00000000d5580000, 0x00000000d6780000, 0x0000000100000000)
  eden space 13824K, 0% used [0x00000000d5580000,0x00000000d5580000,0x00000000d6300000)
  from space 512K, 68% used [0x00000000d6680000,0x00000000d66d8000,0x00000000d6700000)
  to   space 512K, 0% used [0x00000000d6700000,0x00000000d6700000,0x00000000d6780000)
 ParOldGen       total 876544K, used 876407K [0x0000000080000000, 0x00000000b5800000, 0x00000000d5580000)
  object space 876544K, 99% used [0x0000000080000000,0x00000000b57ddd48,0x00000000b5800000)
 Metaspace       used 75771K, committed 77440K, reserved 1179648K
  class space    used 7845K, committed 8576K, reserved 1048576K
}
Event: 154.140 GC heap before
{Heap before GC invocations=1333 (full 3):
 PSYoungGen      total 14336K, used 14176K [0x00000000d5580000, 0x00000000d6780000, 0x0000000100000000)
  eden space 13824K, 100% used [0x00000000d5580000,0x00000000d6300000,0x00000000d6300000)
  from space 512K, 68% used [0x00000000d6680000,0x00000000d66d8000,0x00000000d6700000)
  to   space 512K, 0% used [0x00000000d6700000,0x00000000d6700000,0x00000000d6780000)
 ParOldGen       total 876544K, used 876407K [0x0000000080000000, 0x00000000b5800000, 0x00000000d5580000)
  object space 876544K, 99% used [0x0000000080000000,0x00000000b57ddd48,0x00000000b5800000)
 Metaspace       used 75771K, committed 77440K, reserved 1179648K
  class space    used 7845K, committed 8576K, reserved 1048576K
}
Event: 154.144 GC heap after
{Heap after GC invocations=1333 (full 3):
 PSYoungGen      total 14336K, used 500K [0x00000000d5580000, 0x00000000d6780000, 0x0000000100000000)
  eden space 13824K, 0% used [0x00000000d5580000,0x00000000d5580000,0x00000000d6300000)
  from space 512K, 97% used [0x00000000d6700000,0x00000000d677d200,0x00000000d6780000)
  to   space 1024K, 0% used [0x00000000d6580000,0x00000000d6580000,0x00000000d6680000)
 ParOldGen       total 877056K, used 876631K [0x0000000080000000, 0x00000000b5880000, 0x00000000d5580000)
  object space 877056K, 99% used [0x0000000080000000,0x00000000b5815d48,0x00000000b5880000)
 Metaspace       used 75771K, committed 77440K, reserved 1179648K
  class space    used 7845K, committed 8576K, reserved 1048576K
}
Event: 154.211 GC heap before
{Heap before GC invocations=1334 (full 3):
 PSYoungGen      total 14336K, used 14324K [0x00000000d5580000, 0x00000000d6780000, 0x0000000100000000)
  eden space 13824K, 100% used [0x00000000d5580000,0x00000000d6300000,0x00000000d6300000)
  from space 512K, 97% used [0x00000000d6700000,0x00000000d677d200,0x00000000d6780000)
  to   space 1024K, 0% used [0x00000000d6580000,0x00000000d6580000,0x00000000d6680000)
 ParOldGen       total 877056K, used 876631K [0x0000000080000000, 0x00000000b5880000, 0x00000000d5580000)
  object space 877056K, 99% used [0x0000000080000000,0x00000000b5815d48,0x00000000b5880000)
 Metaspace       used 75834K, committed 77504K, reserved 1179648K
  class space    used 7854K, committed 8576K, reserved 1048576K
}
Event: 154.216 GC heap after
{Heap after GC invocations=1334 (full 3):
 PSYoungGen      total 14848K, used 772K [0x00000000d5580000, 0x00000000d6780000, 0x0000000100000000)
  eden space 13824K, 0% used [0x00000000d5580000,0x00000000d5580000,0x00000000d6300000)
  from space 1024K, 75% used [0x00000000d6580000,0x00000000d6641230,0x00000000d6680000)
  to   space 1024K, 0% used [0x00000000d6680000,0x00000000d6680000,0x00000000d6780000)
 ParOldGen       total 877056K, used 877035K [0x0000000080000000, 0x00000000b5880000, 0x00000000d5580000)
  object space 877056K, 99% used [0x0000000080000000,0x00000000b587af48,0x00000000b5880000)
 Metaspace       used 75834K, committed 77504K, reserved 1179648K
  class space    used 7854K, committed 8576K, reserved 1048576K
}
Event: 154.278 GC heap before
{Heap before GC invocations=1335 (full 3):
 PSYoungGen      total 14848K, used 14596K [0x00000000d5580000, 0x00000000d6780000, 0x0000000100000000)
  eden space 13824K, 100% used [0x00000000d5580000,0x00000000d6300000,0x00000000d6300000)
  from space 1024K, 75% used [0x00000000d6580000,0x00000000d6641230,0x00000000d6680000)
  to   space 1024K, 0% used [0x00000000d6680000,0x00000000d6680000,0x00000000d6780000)
 ParOldGen       total 877056K, used 877035K [0x0000000080000000, 0x00000000b5880000, 0x00000000d5580000)
  object space 877056K, 99% used [0x0000000080000000,0x00000000b587af48,0x00000000b5880000)
 Metaspace       used 75862K, committed 77504K, reserved 1179648K
  class space    used 7860K, committed 8576K, reserved 1048576K
}
Event: 154.285 GC heap after
{Heap after GC invocations=1335 (full 3):
 PSYoungGen      total 14848K, used 1024K [0x00000000d5580000, 0x00000000d6900000, 0x0000000100000000)
  eden space 13824K, 0% used [0x00000000d5580000,0x00000000d5580000,0x00000000d6300000)
  from space 1024K, 100% used [0x00000000d6680000,0x00000000d6780000,0x00000000d6780000)
  to   space 3072K, 0% used [0x00000000d6300000,0x00000000d6300000,0x00000000d6600000)
 ParOldGen       total 878592K, used 878320K [0x0000000080000000, 0x00000000b5a00000, 0x00000000d5580000)
  object space 878592K, 99% used [0x0000000080000000,0x00000000b59bc320,0x00000000b5a00000)
 Metaspace       used 75862K, committed 77504K, reserved 1179648K
  class space    used 7860K, committed 8576K, reserved 1048576K
}

